[24/May/2012 15:12:01] "GET / HTTP/1.1" 200 573
[24/May/2012 15:12:02] "GET /style.css HTTP/1.1" 404 2609
[24/May/2012 15:12:05] "GET / HTTP/1.1" 200 573
[24/May/2012 15:12:05] "GET /style.css HTTP/1.1" 404 2609
[24/May/2012 15:12:07] "GET /upload/ HTTP/1.1" 200 1494
[24/May/2012 15:12:07] "GET /upload/style.css HTTP/1.1" 404 1690
[24/May/2012 15:12:12] "GET /upload/uploaded/005.JPG HTTP/1.1" 200 37613
[24/May/2012 15:12:16] "GET /upload/uploaded/PB070104.JPG HTTP/1.1" 200 84854
[24/May/2012 15:12:52] "GET /source/ HTTP/1.1" 200 1500
[24/May/2012 15:12:52] "GET /media/CodeMirror-2.24/lib/codemirror.css HTTP/1.1" 200 3026
[24/May/2012 15:12:52] "GET /source/style.css HTTP/1.1" 404 2630
[24/May/2012 15:12:52] "GET /media/CodeMirror-2.24/mode/clike/clike.js HTTP/1.1" 200 8405
[24/May/2012 15:12:52] "GET /media/CodeMirror-2.24/lib/codemirror.js HTTP/1.1" 200 124758
[24/May/2012 15:13:16] "POST /upload/code HTTP/1.1" 200 1658
[24/May/2012 15:13:16] "GET /upload/style.css HTTP/1.1" 404 1690
[24/May/2012 15:13:35] "POST /upload/code HTTP/1.1" 200 1666
[24/May/2012 15:13:35] "GET /upload/style.css HTTP/1.1" 404 1690
[24/May/2012 15:13:35] "GET /media/CodeMirror-2.24/lib/codemirror.js HTTP/1.1" 200 124758
[24/May/2012 15:13:35] "GET /media/CodeMirror-2.24/lib/codemirror.css HTTP/1.1" 200 3026
[24/May/2012 15:13:35] "GET /media/CodeMirror-2.24/mode/clike/clike.js HTTP/1.1" 200 8405
[24/May/2012 15:14:15] "GET /upload/style.css HTTP/1.1" 404 1690
[24/May/2012 15:14:15] "GET /media/CodeMirror-2.24/lib/codemirror.css HTTP/1.1" 200 3026
[24/May/2012 15:14:15] "GET /media/CodeMirror-2.24/lib/codemirror.js HTTP/1.1" 200 124758
[24/May/2012 15:14:15] "GET /media/CodeMirror-2.24/mode/clike/clike.js HTTP/1.1" 200 8405
[24/May/2012 15:14:29] "POST /upload/code HTTP/1.1" 200 1716
[24/May/2012 15:14:30] "GET /upload/style.css HTTP/1.1" 404 1690
[24/May/2012 15:14:44] "GET /admin HTTP/1.1" 301 0
[24/May/2012 15:14:45] "GET /admin/ HTTP/1.1" 200 1896
[24/May/2012 15:14:55] "POST /admin/ HTTP/1.1" 302 0
[24/May/2012 15:14:55] "GET /admin/ HTTP/1.1" 200 4408
[24/May/2012 15:15:00] "GET /admin/source/source/ HTTP/1.1" 200 2837
[24/May/2012 15:15:01] "GET /admin/jsi18n/ HTTP/1.1" 200 2158
[24/May/2012 15:15:03] "GET /admin/source/source/add/ HTTP/1.1" 200 3697
[24/May/2012 15:15:03] "GET /admin/jsi18n/ HTTP/1.1" 200 2158
[24/May/2012 15:16:30] "POST /admin/source/source/add/ HTTP/1.1" 500 156902
[24/May/2012 15:16:51] "POST /admin/source/source/add/ HTTP/1.1" 500 156902
Validating models...

0 errors found
Django version 1.4, using settings 'workshop.settings'
Development server is running at http://0.0.0.0:8000/
Quit the server with CONTROL-C.
[24/May/2012 15:17:38] "POST /admin/source/source/add/ HTTP/1.1" 302 0
[24/May/2012 15:17:38] "GET /admin/source/source/ HTTP/1.1" 200 4386
[24/May/2012 15:17:39] "GET /admin/jsi18n/ HTTP/1.1" 200 2158
[24/May/2012 15:17:47] "GET /admin/source/source/add/ HTTP/1.1" 200 3697
[24/May/2012 15:17:47] "GET /admin/jsi18n/ HTTP/1.1" 200 2158
[24/May/2012 15:17:49] "GET /admin/source/ HTTP/1.1" 200 2076
[24/May/2012 15:17:51] "GET /admin/ HTTP/1.1" 200 4864
[24/May/2012 15:17:53] "GET /admin/sites/site/ HTTP/1.1" 200 4785
[24/May/2012 15:17:53] "GET /admin/jsi18n/ HTTP/1.1" 200 2158
[24/May/2012 15:18:01] "GET /admin/upload/uploadmodel/ HTTP/1.1" 200 4956
[24/May/2012 15:18:01] "GET /admin/jsi18n/ HTTP/1.1" 200 2158
[24/May/2012 15:18:03] "GET /admin/upload/uploadmodel/3/ HTTP/1.1" 200 3540
[24/May/2012 15:18:03] "GET /admin/jsi18n/ HTTP/1.1" 200 2158
[24/May/2012 15:18:06] "GET /media/uploaded/153309main_hidden_blackhole_lg.jpg HTTP/1.1" 200 1135127
[24/May/2012 15:18:17] "GET /admin/upload/uploadmodel/add/ HTTP/1.1" 200 3241
[24/May/2012 15:18:17] "GET /admin/jsi18n/ HTTP/1.1" 200 2158
[24/May/2012 15:18:53] "POST /admin/upload/uploadmodel/add/ HTTP/1.1" 302 0
[24/May/2012 15:18:53] "GET /admin/upload/uploadmodel/ HTTP/1.1" 200 5291
[24/May/2012 15:18:53] "GET /admin/jsi18n/ HTTP/1.1" 200 2158
[24/May/2012 15:18:56] "GET /admin/upload/uploadmodel/7/ HTTP/1.1" 200 3453
[24/May/2012 15:18:56] "GET /admin/jsi18n/ HTTP/1.1" 200 2158
[24/May/2012 15:19:00] "POST /admin/upload/uploadmodel/7/ HTTP/1.1" 302 0
[24/May/2012 15:19:00] "GET /admin/upload/uploadmodel/7/ HTTP/1.1" 200 3640
[24/May/2012 15:19:00] "GET /admin/jsi18n/ HTTP/1.1" 200 2158
[24/May/2012 15:19:12] "POST /admin/upload/uploadmodel/7/ HTTP/1.1" 302 0
[24/May/2012 15:19:12] "GET /admin/upload/uploadmodel/add/ HTTP/1.1" 200 3439
[24/May/2012 15:19:12] "GET /admin/jsi18n/ HTTP/1.1" 200 2158
[24/May/2012 15:19:20] "POST /admin/upload/uploadmodel/add/ HTTP/1.1" 302 0
[24/May/2012 15:19:20] "GET /admin/upload/uploadmodel/ HTTP/1.1" 200 5474
[24/May/2012 15:19:20] "GET /admin/jsi18n/ HTTP/1.1" 200 2158
[24/May/2012 15:19:25] "GET /admin/upload/uploadmodel/8/ HTTP/1.1" 200 3459
[24/May/2012 15:19:25] "GET /admin/jsi18n/ HTTP/1.1" 200 2158
[24/May/2012 15:19:28] "GET /media/uploaded/004.jpg HTTP/1.1" 200 272183
[24/May/2012 15:19:42] "GET /admin/logout/ HTTP/1.1" 200 1135
[24/May/2012 15:19:45] "GET / HTTP/1.1" 200 573
[24/May/2012 15:19:45] "GET /style.css HTTP/1.1" 404 2609
[24/May/2012 15:19:48] "GET /upload/ HTTP/1.1" 200 1624
[24/May/2012 15:19:48] "GET /upload/style.css HTTP/1.1" 404 1690
[24/May/2012 15:19:50] "GET /upload/uploaded/8.jpg HTTP/1.1" 200 120864
[24/May/2012 15:19:54] "GET /source/ HTTP/1.1" 200 1500
[24/May/2012 15:19:54] "GET /source/style.css HTTP/1.1" 404 2630
[24/May/2012 15:19:54] "GET /media/CodeMirror-2.24/lib/codemirror.css HTTP/1.1" 200 3026
[24/May/2012 15:19:54] "GET /media/CodeMirror-2.24/lib/codemirror.js HTTP/1.1" 200 124758
[24/May/2012 15:19:54] "GET /media/CodeMirror-2.24/mode/clike/clike.js HTTP/1.1" 200 8405
[24/May/2012 15:36:45] "GET /upload/ HTTP/1.1" 200 1625
[24/May/2012 15:36:46] "GET /upload/style.css HTTP/1.1" 404 1690
[24/May/2012 15:36:48] "GET /upload/uploaded/004.jpg HTTP/1.1" 200 272183
